[debug] [2018-09-16T18:48:20.734Z] ----------------------------------------------------------------------
[debug] [2018-09-16T18:48:20.736Z] Command:       /Users/sander/n/bin/node /usr/local/bin/firebase serve --only functions
[debug] [2018-09-16T18:48:20.736Z] CLI Version:   3.19.3
[debug] [2018-09-16T18:48:20.736Z] Platform:      darwin
[debug] [2018-09-16T18:48:20.736Z] Node Version:  v8.11.3
[debug] [2018-09-16T18:48:20.737Z] Time:          Sun Sep 16 2018 20:48:20 GMT+0200 (CEST)
[debug] [2018-09-16T18:48:20.737Z] ----------------------------------------------------------------------
[debug] 
[debug] [2018-09-16T18:48:20.755Z] > command requires scopes: ["email","openid","https://www.googleapis.com/auth/cloudplatformprojects.readonly","https://www.googleapis.com/auth/firebase","https://www.googleapis.com/auth/cloud-platform"]
[debug] [2018-09-16T18:48:20.756Z] > authorizing via signed-in user
[debug] [2018-09-16T18:48:20.758Z] > refreshing access token with scopes: ["email","https://www.googleapis.com/auth/cloud-platform","https://www.googleapis.com/auth/cloudplatformprojects.readonly","https://www.googleapis.com/auth/firebase","openid"]
[debug] [2018-09-16T18:48:20.758Z] >>> HTTP REQUEST POST https://www.googleapis.com/oauth2/v3/token  
 { refresh_token: '1/ozog2PdObvk_cpq7dj3Z4WjE4wNe5s2J8PtOGgw7azs',
  client_id: '563584335869-fgrhgmd47bqnekij5i8b5pr03ho849e6.apps.googleusercontent.com',
  client_secret: 'j9iVZfS8kkCEFUPaAeJV0sAi',
  grant_type: 'refresh_token',
  scope: 'email https://www.googleapis.com/auth/cloud-platform https://www.googleapis.com/auth/cloudplatformprojects.readonly https://www.googleapis.com/auth/firebase openid' } 
 Sun Sep 16 2018 20:48:20 GMT+0200 (CEST)
[debug] [2018-09-16T18:48:20.915Z] <<< HTTP RESPONSE 200
[debug] [2018-09-16T18:48:20.928Z] >>> HTTP REQUEST GET https://admin.firebase.com/v1/projects/svda-24741  
  
 Sun Sep 16 2018 20:48:20 GMT+0200 (CEST)
[debug] [2018-09-16T18:48:21.516Z] <<< HTTP RESPONSE 200
[debug] [2018-09-16T18:48:21.517Z] >>> HTTP REQUEST GET https://admin.firebase.com/v1/database/svda-24741/tokens  
  
 Sun Sep 16 2018 20:48:21 GMT+0200 (CEST)
[debug] [2018-09-16T18:48:22.180Z] <<< HTTP RESPONSE 200
[debug] [2018-09-16T18:48:22.181Z] >>> HTTP REQUEST GET https://cloudresourcemanager.googleapis.com/v1/projects/svda-24741  
  
 Sun Sep 16 2018 20:48:22 GMT+0200 (CEST)
[debug] [2018-09-16T18:48:22.952Z] <<< HTTP RESPONSE 200
[info] 
[info] === Serving from '/Users/sander/Projects/svda/svda-app'...
[info] 
[info] i  functions: Preparing to emulate functions.
[debug] [2018-09-16T18:48:24.047Z] Fetching environment
[debug] [2018-09-16T18:48:24.050Z] >>> HTTP REQUEST GET https://mobilesdk-pa.googleapis.com/v1/projects/735325182068:getServerAppConfig  
  
 Sun Sep 16 2018 20:48:24 GMT+0200 (CEST)
[debug] [2018-09-16T18:48:24.297Z] <<< HTTP RESPONSE 200
[debug] [2018-09-16T18:48:24.297Z] Starting @google-cloud/functions-emulator
[debug] [2018-09-16T18:48:24.340Z] Parsing function triggers
[info] ✔  functions: configGet: http://localhost:8010/svda-24741/us-central1/configGet
